{"/Users/tomassarosi/dev/cinema-tickets/src/pairtest/TicketService.js": {"path":"/Users/tomassarosi/dev/cinema-tickets/src/pairtest/TicketService.js","statementMap":{"0":{"start":{"line":11,"column":14},"end":{"line":11,"column":16}},"1":{"start":{"line":13,"column":18},"end":{"line":17,"column":3}},"2":{"start":{"line":19,"column":10},"end":{"line":25,"column":3}},"3":{"start":{"line":20,"column":4},"end":{"line":24,"column":9}},"4":{"start":{"line":21,"column":19},"end":{"line":21,"column":81}},"5":{"start":{"line":22,"column":21},"end":{"line":22,"column":50}},"6":{"start":{"line":23,"column":6},"end":{"line":23,"column":42}},"7":{"start":{"line":27,"column":11},"end":{"line":40,"column":3}},"8":{"start":{"line":28,"column":18},"end":{"line":33,"column":9}},"9":{"start":{"line":29,"column":19},"end":{"line":29,"column":47}},"10":{"start":{"line":30,"column":21},"end":{"line":30,"column":50}},"11":{"start":{"line":31,"column":28},"end":{"line":31,"column":53}},"12":{"start":{"line":32,"column":6},"end":{"line":32,"column":49}},"13":{"start":{"line":34,"column":4},"end":{"line":39,"column":5}},"14":{"start":{"line":36,"column":8},"end":{"line":36,"column":20}},"15":{"start":{"line":38,"column":8},"end":{"line":38,"column":63}},"16":{"start":{"line":42,"column":18},"end":{"line":48,"column":3}},"17":{"start":{"line":44,"column":4},"end":{"line":46,"column":5}},"18":{"start":{"line":45,"column":6},"end":{"line":45,"column":71}},"19":{"start":{"line":45,"column":52},"end":{"line":45,"column":71}},"20":{"start":{"line":47,"column":4},"end":{"line":47,"column":23}},"21":{"start":{"line":51,"column":4},"end":{"line":70,"column":5}},"22":{"start":{"line":52,"column":6},"end":{"line":55,"column":7}},"23":{"start":{"line":53,"column":8},"end":{"line":53,"column":27}},"24":{"start":{"line":54,"column":8},"end":{"line":54,"column":88}},"25":{"start":{"line":56,"column":18},"end":{"line":56,"column":44}},"26":{"start":{"line":57,"column":19},"end":{"line":57,"column":47}},"27":{"start":{"line":58,"column":6},"end":{"line":58,"column":127}},"28":{"start":{"line":58,"column":42},"end":{"line":58,"column":126}},"29":{"start":{"line":59,"column":31},"end":{"line":59,"column":60}},"30":{"start":{"line":60,"column":28},"end":{"line":60,"column":58}},"31":{"start":{"line":61,"column":6},"end":{"line":61,"column":50}},"32":{"start":{"line":62,"column":6},"end":{"line":62,"column":48}},"33":{"start":{"line":63,"column":6},"end":{"line":63,"column":25}},"34":{"start":{"line":64,"column":6},"end":{"line":67,"column":7}},"35":{"start":{"line":69,"column":6},"end":{"line":69,"column":47}}},"fnMap":{"0":{"name":"(anonymous_0)","decl":{"start":{"line":19,"column":10},"end":{"line":19,"column":11}},"loc":{"start":{"line":19,"column":37},"end":{"line":25,"column":3}},"line":19},"1":{"name":"(anonymous_1)","decl":{"start":{"line":20,"column":37},"end":{"line":20,"column":38}},"loc":{"start":{"line":20,"column":68},"end":{"line":24,"column":5}},"line":20},"2":{"name":"(anonymous_2)","decl":{"start":{"line":27,"column":11},"end":{"line":27,"column":12}},"loc":{"start":{"line":27,"column":38},"end":{"line":40,"column":3}},"line":27},"3":{"name":"(anonymous_3)","decl":{"start":{"line":28,"column":44},"end":{"line":28,"column":45}},"loc":{"start":{"line":28,"column":75},"end":{"line":33,"column":5}},"line":28},"4":{"name":"(anonymous_4)","decl":{"start":{"line":42,"column":18},"end":{"line":42,"column":19}},"loc":{"start":{"line":42,"column":45},"end":{"line":48,"column":3}},"line":42},"5":{"name":"(anonymous_5)","decl":{"start":{"line":50,"column":2},"end":{"line":50,"column":3}},"loc":{"start":{"line":50,"column":52},"end":{"line":71,"column":3}},"line":50},"6":{"name":"(anonymous_6)","decl":{"start":{"line":58,"column":33},"end":{"line":58,"column":34}},"loc":{"start":{"line":58,"column":42},"end":{"line":58,"column":126}},"line":58}},"branchMap":{"0":{"loc":{"start":{"line":31,"column":28},"end":{"line":31,"column":53}},"type":"cond-expr","locations":[{"start":{"line":31,"column":48},"end":{"line":31,"column":49}},{"start":{"line":31,"column":52},"end":{"line":31,"column":53}}],"line":31},"1":{"loc":{"start":{"line":34,"column":4},"end":{"line":39,"column":5}},"type":"switch","locations":[{"start":{"line":35,"column":6},"end":{"line":36,"column":20}},{"start":{"line":37,"column":6},"end":{"line":38,"column":63}}],"line":34},"2":{"loc":{"start":{"line":45,"column":6},"end":{"line":45,"column":71}},"type":"if","locations":[{"start":{"line":45,"column":6},"end":{"line":45,"column":71}},{"start":{},"end":{}}],"line":45},"3":{"loc":{"start":{"line":45,"column":10},"end":{"line":45,"column":49}},"type":"binary-expr","locations":[{"start":{"line":45,"column":10},"end":{"line":45,"column":28}},{"start":{"line":45,"column":32},"end":{"line":45,"column":49}}],"line":45},"4":{"loc":{"start":{"line":52,"column":6},"end":{"line":55,"column":7}},"type":"if","locations":[{"start":{"line":52,"column":6},"end":{"line":55,"column":7}},{"start":{},"end":{}}],"line":52}},"s":{"0":11,"1":11,"2":11,"3":8,"4":23,"5":23,"6":23,"7":11,"8":8,"9":23,"10":23,"11":23,"12":23,"13":8,"14":7,"15":1,"16":11,"17":11,"18":30,"19":10,"20":11,"21":11,"22":11,"23":1,"24":1,"25":10,"26":10,"27":10,"28":26,"29":8,"30":8,"31":7,"32":5,"33":4,"34":4,"35":7},"f":{"0":8,"1":23,"2":8,"3":23,"4":11,"5":11,"6":26},"b":{"0":[8,15],"1":[7,1],"2":[10,20],"3":[30,11],"4":[1,10]},"_coverageSchema":"1a1c01bbd47fc00a2c39e90264f33305004495a9","hash":"200d2da194e67a4cc2a4c6ded30810d44ebd33f6"}
,"/Users/tomassarosi/dev/cinema-tickets/src/pairtest/lib/InvalidPurchaseException.js": {"path":"/Users/tomassarosi/dev/cinema-tickets/src/pairtest/lib/InvalidPurchaseException.js","statementMap":{"0":{"start":{"line":3,"column":8},"end":{"line":3,"column":15}},"1":{"start":{"line":4,"column":8},"end":{"line":4,"column":69}}},"fnMap":{"0":{"name":"(anonymous_0)","decl":{"start":{"line":2,"column":4},"end":{"line":2,"column":5}},"loc":{"start":{"line":2,"column":24},"end":{"line":5,"column":5}},"line":2}},"branchMap":{},"s":{"0":7,"1":7},"f":{"0":7},"b":{},"_coverageSchema":"1a1c01bbd47fc00a2c39e90264f33305004495a9","hash":"df8ec37727cedd522a21b1bf1a6dd5db505473ac"}
,"/Users/tomassarosi/dev/cinema-tickets/src/pairtest/lib/TicketTypeRequest.js": {"path":"/Users/tomassarosi/dev/cinema-tickets/src/pairtest/lib/TicketTypeRequest.js","statementMap":{"0":{"start":{"line":11,"column":4},"end":{"line":13,"column":5}},"1":{"start":{"line":12,"column":6},"end":{"line":12,"column":108}},"2":{"start":{"line":15,"column":4},"end":{"line":17,"column":5}},"3":{"start":{"line":16,"column":6},"end":{"line":16,"column":60}},"4":{"start":{"line":19,"column":4},"end":{"line":19,"column":22}},"5":{"start":{"line":20,"column":4},"end":{"line":20,"column":36}},"6":{"start":{"line":24,"column":4},"end":{"line":24,"column":29}},"7":{"start":{"line":28,"column":4},"end":{"line":28,"column":22}},"8":{"start":{"line":31,"column":10},"end":{"line":31,"column":38}}},"fnMap":{"0":{"name":"(anonymous_0)","decl":{"start":{"line":10,"column":2},"end":{"line":10,"column":3}},"loc":{"start":{"line":10,"column":33},"end":{"line":21,"column":3}},"line":10},"1":{"name":"(anonymous_1)","decl":{"start":{"line":23,"column":2},"end":{"line":23,"column":3}},"loc":{"start":{"line":23,"column":19},"end":{"line":25,"column":3}},"line":23},"2":{"name":"(anonymous_2)","decl":{"start":{"line":27,"column":2},"end":{"line":27,"column":3}},"loc":{"start":{"line":27,"column":18},"end":{"line":29,"column":3}},"line":27}},"branchMap":{"0":{"loc":{"start":{"line":11,"column":4},"end":{"line":13,"column":5}},"type":"if","locations":[{"start":{"line":11,"column":4},"end":{"line":13,"column":5}},{"start":{},"end":{}}],"line":11},"1":{"loc":{"start":{"line":15,"column":4},"end":{"line":17,"column":5}},"type":"if","locations":[{"start":{"line":15,"column":4},"end":{"line":17,"column":5}},{"start":{},"end":{}}],"line":15}},"s":{"0":26,"1":1,"2":25,"3":1,"4":24,"5":24,"6":46,"7":46,"8":26},"f":{"0":26,"1":46,"2":46},"b":{"0":[1,25],"1":[1,24]},"_coverageSchema":"1a1c01bbd47fc00a2c39e90264f33305004495a9","hash":"9d6b47698d058e70facb5321fb22362d372cff52"}
,"/Users/tomassarosi/dev/cinema-tickets/src/thirdparty/paymentgateway/TicketPaymentService.js": {"path":"/Users/tomassarosi/dev/cinema-tickets/src/thirdparty/paymentgateway/TicketPaymentService.js","statementMap":{"0":{"start":{"line":5,"column":4},"end":{"line":7,"column":5}},"1":{"start":{"line":6,"column":6},"end":{"line":6,"column":58}},"2":{"start":{"line":9,"column":4},"end":{"line":11,"column":5}},"3":{"start":{"line":10,"column":6},"end":{"line":10,"column":65}}},"fnMap":{"0":{"name":"(anonymous_0)","decl":{"start":{"line":4,"column":2},"end":{"line":4,"column":3}},"loc":{"start":{"line":4,"column":43},"end":{"line":12,"column":3}},"line":4}},"branchMap":{"0":{"loc":{"start":{"line":5,"column":4},"end":{"line":7,"column":5}},"type":"if","locations":[{"start":{"line":5,"column":4},"end":{"line":7,"column":5}},{"start":{},"end":{}}],"line":5},"1":{"loc":{"start":{"line":9,"column":4},"end":{"line":11,"column":5}},"type":"if","locations":[{"start":{"line":9,"column":4},"end":{"line":11,"column":5}},{"start":{},"end":{}}],"line":9}},"s":{"0":7,"1":2,"2":5,"3":0},"f":{"0":7},"b":{"0":[2,5],"1":[0,5]},"_coverageSchema":"1a1c01bbd47fc00a2c39e90264f33305004495a9","hash":"281c00db7d753192601a334e2ac91e3851f18126"}
,"/Users/tomassarosi/dev/cinema-tickets/src/thirdparty/seatbooking/SeatReservationService.js": {"path":"/Users/tomassarosi/dev/cinema-tickets/src/thirdparty/seatbooking/SeatReservationService.js","statementMap":{"0":{"start":{"line":5,"column":4},"end":{"line":7,"column":5}},"1":{"start":{"line":6,"column":6},"end":{"line":6,"column":58}},"2":{"start":{"line":9,"column":4},"end":{"line":11,"column":5}},"3":{"start":{"line":10,"column":6},"end":{"line":10,"column":69}}},"fnMap":{"0":{"name":"(anonymous_0)","decl":{"start":{"line":4,"column":2},"end":{"line":4,"column":3}},"loc":{"start":{"line":4,"column":47},"end":{"line":12,"column":3}},"line":4}},"branchMap":{"0":{"loc":{"start":{"line":5,"column":4},"end":{"line":7,"column":5}},"type":"if","locations":[{"start":{"line":5,"column":4},"end":{"line":7,"column":5}},{"start":{},"end":{}}],"line":5},"1":{"loc":{"start":{"line":9,"column":4},"end":{"line":11,"column":5}},"type":"if","locations":[{"start":{"line":9,"column":4},"end":{"line":11,"column":5}},{"start":{},"end":{}}],"line":9}},"s":{"0":4,"1":0,"2":4,"3":0},"f":{"0":4},"b":{"0":[0,4],"1":[0,4]},"_coverageSchema":"1a1c01bbd47fc00a2c39e90264f33305004495a9","hash":"d3b286630d62ad32874968fe30dc8a324e493db8"}
}
