TN:
SF:src/pairtest/TicketService.js
FN:19,(anonymous_0)
FN:20,(anonymous_1)
FN:27,(anonymous_2)
FN:28,(anonymous_3)
FN:42,(anonymous_4)
FN:50,(anonymous_5)
FN:58,(anonymous_6)
FNF:7
FNH:7
FNDA:8,(anonymous_0)
FNDA:23,(anonymous_1)
FNDA:8,(anonymous_2)
FNDA:23,(anonymous_3)
FNDA:11,(anonymous_4)
FNDA:11,(anonymous_5)
FNDA:26,(anonymous_6)
DA:11,11
DA:13,11
DA:19,11
DA:20,8
DA:21,23
DA:22,23
DA:23,23
DA:27,11
DA:28,8
DA:29,23
DA:30,23
DA:31,23
DA:32,23
DA:34,8
DA:36,7
DA:38,1
DA:42,11
DA:44,11
DA:45,30
DA:47,11
DA:51,11
DA:52,11
DA:53,1
DA:54,1
DA:56,10
DA:57,10
DA:58,26
DA:59,8
DA:60,8
DA:61,7
DA:62,5
DA:63,4
DA:64,4
DA:69,7
LF:34
LH:34
BRDA:31,0,0,8
BRDA:31,0,1,15
BRDA:34,1,0,7
BRDA:34,1,1,1
BRDA:45,2,0,10
BRDA:45,2,1,20
BRDA:45,3,0,30
BRDA:45,3,1,11
BRDA:52,4,0,1
BRDA:52,4,1,10
BRF:10
BRH:10
end_of_record
TN:
SF:src/pairtest/lib/InvalidPurchaseException.js
FN:2,(anonymous_0)
FNF:1
FNH:1
FNDA:7,(anonymous_0)
DA:3,7
DA:4,7
LF:2
LH:2
BRF:0
BRH:0
end_of_record
TN:
SF:src/pairtest/lib/TicketTypeRequest.js
FN:10,(anonymous_0)
FN:23,(anonymous_1)
FN:27,(anonymous_2)
FNF:3
FNH:3
FNDA:26,(anonymous_0)
FNDA:46,(anonymous_1)
FNDA:46,(anonymous_2)
DA:11,26
DA:12,1
DA:15,25
DA:16,1
DA:19,24
DA:20,24
DA:24,46
DA:28,46
DA:31,26
LF:9
LH:9
BRDA:11,0,0,1
BRDA:11,0,1,25
BRDA:15,1,0,1
BRDA:15,1,1,24
BRF:4
BRH:4
end_of_record
TN:
SF:src/thirdparty/paymentgateway/TicketPaymentService.js
FN:4,(anonymous_0)
FNF:1
FNH:1
FNDA:7,(anonymous_0)
DA:5,7
DA:6,2
DA:9,5
DA:10,0
LF:4
LH:3
BRDA:5,0,0,2
BRDA:5,0,1,5
BRDA:9,1,0,0
BRDA:9,1,1,5
BRF:4
BRH:3
end_of_record
TN:
SF:src/thirdparty/seatbooking/SeatReservationService.js
FN:4,(anonymous_0)
FNF:1
FNH:1
FNDA:4,(anonymous_0)
DA:5,4
DA:6,0
DA:9,4
DA:10,0
LF:4
LH:2
BRDA:5,0,0,0
BRDA:5,0,1,4
BRDA:9,1,0,0
BRDA:9,1,1,4
BRF:4
BRH:2
end_of_record
